<?xml version="1.0" encoding="utf-8"?>
<outputLog>
  <ApplicationId>4dd00924-50f4-4322-bdb1-e059f6d82370</ApplicationId>
  <FileLogs>
    <FileLog>
      <CorrelationId>Intent.VisualStudio.Projects.VisualStudio2015Solution#82e7ad4a-472c-4ff9-86bc-349d47b16804</CorrelationId>
      <OverwriteBehaviour>always</OverwriteBehaviour>
      <ApplicationRelativeFilePath>../Intent.Modules.VueJS.sln</ApplicationRelativeFilePath>
      <IsIgnored>false</IsIgnored>
    </FileLog>
    <FileLog>
      <ProjectId>7fe40c74-de28-4682-b8f1-c80ce8ec84fc</ProjectId>
      <CorrelationId>Intent.VisualStudio.Projects.CoreLibrary.CSProject#7fe40c74-de28-4682-b8f1-c80ce8ec84fc</CorrelationId>
      <OverwriteBehaviour>always</OverwriteBehaviour>
      <ApplicationRelativeFilePath>Intent.Module.VueJS.Nuxt.csproj</ApplicationRelativeFilePath>
      <ProjectRelativeFilePath>Intent.Module.VueJS.Nuxt.csproj</ProjectRelativeFilePath>
      <IsIgnored>false</IsIgnored>
    </FileLog>
    <FileLog>
      <ProjectId>7fe40c74-de28-4682-b8f1-c80ce8ec84fc</ProjectId>
      <CorrelationId>Intent.ModuleBuilder.IModSpecFile</CorrelationId>
      <OverwriteBehaviour>always</OverwriteBehaviour>
      <ApplicationRelativeFilePath>Intent.Module.VueJS.Nuxt.imodspec</ApplicationRelativeFilePath>
      <ProjectRelativeFilePath>Intent.Module.VueJS.Nuxt.imodspec</ProjectRelativeFilePath>
      <IsIgnored>false</IsIgnored>
    </FileLog>
    <FileLog>
      <ProjectId>7fe40c74-de28-4682-b8f1-c80ce8ec84fc</ProjectId>
      <CorrelationId>Intent.ModuleBuilder.ReadMe</CorrelationId>
      <OverwriteBehaviour>always</OverwriteBehaviour>
      <ApplicationRelativeFilePath>README.txt</ApplicationRelativeFilePath>
      <ProjectRelativeFilePath>README.txt</ProjectRelativeFilePath>
      <IsIgnored>false</IsIgnored>
    </FileLog>
    <FileLog>
      <ProjectId>1709923d-ec7c-4c62-84b0-42df21ac58b1</ProjectId>
      <CorrelationId>Intent.ModuleBuilder.ProjectItemTemplate.T4Template.PreProcessed#b7d085b1-175a-42cb-842b-fbf24c5508ba</CorrelationId>
      <OverwriteBehaviour>always</OverwriteBehaviour>
      <ApplicationRelativeFilePath>Templates/Gitignore/GitignoreTemplate.cs</ApplicationRelativeFilePath>
      <ProjectRelativeFilePath>Gitignore/GitignoreTemplate.cs</ProjectRelativeFilePath>
      <IsIgnored>false</IsIgnored>
    </FileLog>
    <FileLog>
      <ProjectId>1709923d-ec7c-4c62-84b0-42df21ac58b1</ProjectId>
      <CorrelationId>Intent.ModuleBuilder.Templates.FileTemplateT4#b7d085b1-175a-42cb-842b-fbf24c5508ba</CorrelationId>
      <OverwriteBehaviour>always</OverwriteBehaviour>
      <ApplicationRelativeFilePath>Templates/Gitignore/GitignoreTemplate.tt</ApplicationRelativeFilePath>
      <ProjectRelativeFilePath>Gitignore/GitignoreTemplate.tt</ProjectRelativeFilePath>
      <IsIgnored>false</IsIgnored>
    </FileLog>
    <FileLog>
      <ProjectId>1709923d-ec7c-4c62-84b0-42df21ac58b1</ProjectId>
      <CorrelationId>Intent.ModuleBuilder.ProjectItemTemplate.Partial#b7d085b1-175a-42cb-842b-fbf24c5508ba</CorrelationId>
      <OverwriteBehaviour>always</OverwriteBehaviour>
      <ApplicationRelativeFilePath>Templates/Gitignore/GitignoreTemplatePartial.cs</ApplicationRelativeFilePath>
      <ProjectRelativeFilePath>Gitignore/GitignoreTemplatePartial.cs</ProjectRelativeFilePath>
      <IsIgnored>false</IsIgnored>
    </FileLog>
    <FileLog>
      <ProjectId>1709923d-ec7c-4c62-84b0-42df21ac58b1</ProjectId>
      <CorrelationId>Intent.ModuleBuilder.TemplateRegistration.SingleFileNoModel#b7d085b1-175a-42cb-842b-fbf24c5508ba</CorrelationId>
      <OverwriteBehaviour>always</OverwriteBehaviour>
      <ApplicationRelativeFilePath>Templates/Gitignore/GitignoreTemplateRegistration.cs</ApplicationRelativeFilePath>
      <ProjectRelativeFilePath>Gitignore/GitignoreTemplateRegistration.cs</ProjectRelativeFilePath>
      <IsIgnored>false</IsIgnored>
    </FileLog>
    <FileLog>
      <ProjectId>1709923d-ec7c-4c62-84b0-42df21ac58b1</ProjectId>
      <CorrelationId>ModuleBuilder.Html.Templates.HtmlFileTemplate.T4Template.PreProcessed#3a1c3143-4d5f-4268-9128-655f0c26adbf</CorrelationId>
      <OverwriteBehaviour>always</OverwriteBehaviour>
      <ApplicationRelativeFilePath>Templates/layouts/DefaultVue/DefaultVueTemplate.cs</ApplicationRelativeFilePath>
      <ProjectRelativeFilePath>layouts/DefaultVue/DefaultVueTemplate.cs</ProjectRelativeFilePath>
      <IsIgnored>false</IsIgnored>
    </FileLog>
    <FileLog>
      <ProjectId>1709923d-ec7c-4c62-84b0-42df21ac58b1</ProjectId>
      <CorrelationId>Intent.ModuleBuilder.Html.Templates.HtmlFileTemplate#3a1c3143-4d5f-4268-9128-655f0c26adbf</CorrelationId>
      <OverwriteBehaviour>always</OverwriteBehaviour>
      <ApplicationRelativeFilePath>Templates/layouts/DefaultVue/DefaultVueTemplate.tt</ApplicationRelativeFilePath>
      <ProjectRelativeFilePath>layouts/DefaultVue/DefaultVueTemplate.tt</ProjectRelativeFilePath>
      <IsIgnored>false</IsIgnored>
    </FileLog>
    <FileLog>
      <ProjectId>1709923d-ec7c-4c62-84b0-42df21ac58b1</ProjectId>
      <CorrelationId>Intent.ModuleBuilder.Html.Templates.HtmlFileTemplatePartial#3a1c3143-4d5f-4268-9128-655f0c26adbf</CorrelationId>
      <OverwriteBehaviour>always</OverwriteBehaviour>
      <ApplicationRelativeFilePath>Templates/layouts/DefaultVue/DefaultVueTemplatePartial.cs</ApplicationRelativeFilePath>
      <ProjectRelativeFilePath>layouts/DefaultVue/DefaultVueTemplatePartial.cs</ProjectRelativeFilePath>
      <IsIgnored>false</IsIgnored>
    </FileLog>
    <FileLog>
      <ProjectId>1709923d-ec7c-4c62-84b0-42df21ac58b1</ProjectId>
      <CorrelationId>Intent.ModuleBuilder.TemplateRegistration.SingleFileNoModel#3a1c3143-4d5f-4268-9128-655f0c26adbf</CorrelationId>
      <OverwriteBehaviour>always</OverwriteBehaviour>
      <ApplicationRelativeFilePath>Templates/layouts/DefaultVue/DefaultVueTemplateRegistration.cs</ApplicationRelativeFilePath>
      <ProjectRelativeFilePath>layouts/DefaultVue/DefaultVueTemplateRegistration.cs</ProjectRelativeFilePath>
      <IsIgnored>false</IsIgnored>
    </FileLog>
    <FileLog>
      <ProjectId>1709923d-ec7c-4c62-84b0-42df21ac58b1</ProjectId>
      <CorrelationId>ModuleBuilder.Typescript.Templates.TypescriptTemplate.PreProcessT4#227670fc-414c-4b76-b879-1cce234160b6</CorrelationId>
      <OverwriteBehaviour>always</OverwriteBehaviour>
      <ApplicationRelativeFilePath>Templates/NuxtConfigTs/NuxtConfigTsTemplate.cs</ApplicationRelativeFilePath>
      <ProjectRelativeFilePath>NuxtConfigTs/NuxtConfigTsTemplate.cs</ProjectRelativeFilePath>
      <IsIgnored>false</IsIgnored>
    </FileLog>
    <FileLog>
      <ProjectId>1709923d-ec7c-4c62-84b0-42df21ac58b1</ProjectId>
      <CorrelationId>Intent.ModuleBuilder.TypeScript.Templates.TypescriptTemplateT4#227670fc-414c-4b76-b879-1cce234160b6</CorrelationId>
      <OverwriteBehaviour>always</OverwriteBehaviour>
      <ApplicationRelativeFilePath>Templates/NuxtConfigTs/NuxtConfigTsTemplate.tt</ApplicationRelativeFilePath>
      <ProjectRelativeFilePath>NuxtConfigTs/NuxtConfigTsTemplate.tt</ProjectRelativeFilePath>
      <IsIgnored>false</IsIgnored>
    </FileLog>
    <FileLog>
      <ProjectId>1709923d-ec7c-4c62-84b0-42df21ac58b1</ProjectId>
      <CorrelationId>Intent.ModuleBuilder.TypeScript.Templates.TypescriptTemplatePartial#227670fc-414c-4b76-b879-1cce234160b6</CorrelationId>
      <OverwriteBehaviour>always</OverwriteBehaviour>
      <ApplicationRelativeFilePath>Templates/NuxtConfigTs/NuxtConfigTsTemplatePartial.cs</ApplicationRelativeFilePath>
      <ProjectRelativeFilePath>NuxtConfigTs/NuxtConfigTsTemplatePartial.cs</ProjectRelativeFilePath>
      <IsIgnored>false</IsIgnored>
    </FileLog>
    <FileLog>
      <ProjectId>1709923d-ec7c-4c62-84b0-42df21ac58b1</ProjectId>
      <CorrelationId>Intent.ModuleBuilder.TemplateRegistration.SingleFileNoModel#227670fc-414c-4b76-b879-1cce234160b6</CorrelationId>
      <OverwriteBehaviour>always</OverwriteBehaviour>
      <ApplicationRelativeFilePath>Templates/NuxtConfigTs/NuxtConfigTsTemplateRegistration.cs</ApplicationRelativeFilePath>
      <ProjectRelativeFilePath>NuxtConfigTs/NuxtConfigTsTemplateRegistration.cs</ProjectRelativeFilePath>
      <IsIgnored>false</IsIgnored>
    </FileLog>
    <FileLog>
      <ProjectId>1709923d-ec7c-4c62-84b0-42df21ac58b1</ProjectId>
      <CorrelationId>Intent.ModuleBuilder.ProjectItemTemplate.T4Template.PreProcessed#fa86b247-d3b4-4b3d-9b3d-dcba899eb3cb</CorrelationId>
      <OverwriteBehaviour>always</OverwriteBehaviour>
      <ApplicationRelativeFilePath>Templates/PackageJson/PackageJsonTemplate.cs</ApplicationRelativeFilePath>
      <ProjectRelativeFilePath>PackageJson/PackageJsonTemplate.cs</ProjectRelativeFilePath>
      <IsIgnored>false</IsIgnored>
    </FileLog>
    <FileLog>
      <ProjectId>1709923d-ec7c-4c62-84b0-42df21ac58b1</ProjectId>
      <CorrelationId>Intent.ModuleBuilder.Templates.FileTemplateT4#fa86b247-d3b4-4b3d-9b3d-dcba899eb3cb</CorrelationId>
      <OverwriteBehaviour>always</OverwriteBehaviour>
      <ApplicationRelativeFilePath>Templates/PackageJson/PackageJsonTemplate.tt</ApplicationRelativeFilePath>
      <ProjectRelativeFilePath>PackageJson/PackageJsonTemplate.tt</ProjectRelativeFilePath>
      <IsIgnored>false</IsIgnored>
    </FileLog>
    <FileLog>
      <ProjectId>1709923d-ec7c-4c62-84b0-42df21ac58b1</ProjectId>
      <CorrelationId>Intent.ModuleBuilder.ProjectItemTemplate.Partial#fa86b247-d3b4-4b3d-9b3d-dcba899eb3cb</CorrelationId>
      <OverwriteBehaviour>always</OverwriteBehaviour>
      <ApplicationRelativeFilePath>Templates/PackageJson/PackageJsonTemplatePartial.cs</ApplicationRelativeFilePath>
      <ProjectRelativeFilePath>PackageJson/PackageJsonTemplatePartial.cs</ProjectRelativeFilePath>
      <IsIgnored>false</IsIgnored>
    </FileLog>
    <FileLog>
      <ProjectId>1709923d-ec7c-4c62-84b0-42df21ac58b1</ProjectId>
      <CorrelationId>Intent.ModuleBuilder.TemplateRegistration.SingleFileNoModel#fa86b247-d3b4-4b3d-9b3d-dcba899eb3cb</CorrelationId>
      <OverwriteBehaviour>always</OverwriteBehaviour>
      <ApplicationRelativeFilePath>Templates/PackageJson/PackageJsonTemplateRegistration.cs</ApplicationRelativeFilePath>
      <ProjectRelativeFilePath>PackageJson/PackageJsonTemplateRegistration.cs</ProjectRelativeFilePath>
      <IsIgnored>false</IsIgnored>
    </FileLog>
    <FileLog>
      <ProjectId>1709923d-ec7c-4c62-84b0-42df21ac58b1</ProjectId>
      <CorrelationId>ModuleBuilder.Html.Templates.HtmlFileTemplate.T4Template.PreProcessed#38bc1517-bdbe-44d5-acb8-1fd468fdf469</CorrelationId>
      <OverwriteBehaviour>always</OverwriteBehaviour>
      <ApplicationRelativeFilePath>Templates/pages/IndexVue/IndexVueTemplate.cs</ApplicationRelativeFilePath>
      <ProjectRelativeFilePath>pages/IndexVue/IndexVueTemplate.cs</ProjectRelativeFilePath>
      <IsIgnored>false</IsIgnored>
    </FileLog>
    <FileLog>
      <ProjectId>1709923d-ec7c-4c62-84b0-42df21ac58b1</ProjectId>
      <CorrelationId>Intent.ModuleBuilder.Html.Templates.HtmlFileTemplate#38bc1517-bdbe-44d5-acb8-1fd468fdf469</CorrelationId>
      <OverwriteBehaviour>always</OverwriteBehaviour>
      <ApplicationRelativeFilePath>Templates/pages/IndexVue/IndexVueTemplate.tt</ApplicationRelativeFilePath>
      <ProjectRelativeFilePath>pages/IndexVue/IndexVueTemplate.tt</ProjectRelativeFilePath>
      <IsIgnored>false</IsIgnored>
    </FileLog>
    <FileLog>
      <ProjectId>1709923d-ec7c-4c62-84b0-42df21ac58b1</ProjectId>
      <CorrelationId>Intent.ModuleBuilder.Html.Templates.HtmlFileTemplatePartial#38bc1517-bdbe-44d5-acb8-1fd468fdf469</CorrelationId>
      <OverwriteBehaviour>always</OverwriteBehaviour>
      <ApplicationRelativeFilePath>Templates/pages/IndexVue/IndexVueTemplatePartial.cs</ApplicationRelativeFilePath>
      <ProjectRelativeFilePath>pages/IndexVue/IndexVueTemplatePartial.cs</ProjectRelativeFilePath>
      <IsIgnored>false</IsIgnored>
    </FileLog>
    <FileLog>
      <ProjectId>1709923d-ec7c-4c62-84b0-42df21ac58b1</ProjectId>
      <CorrelationId>Intent.ModuleBuilder.TemplateRegistration.SingleFileNoModel#38bc1517-bdbe-44d5-acb8-1fd468fdf469</CorrelationId>
      <OverwriteBehaviour>always</OverwriteBehaviour>
      <ApplicationRelativeFilePath>Templates/pages/IndexVue/IndexVueTemplateRegistration.cs</ApplicationRelativeFilePath>
      <ProjectRelativeFilePath>pages/IndexVue/IndexVueTemplateRegistration.cs</ProjectRelativeFilePath>
      <IsIgnored>false</IsIgnored>
    </FileLog>
    <FileLog>
      <ProjectId>1709923d-ec7c-4c62-84b0-42df21ac58b1</ProjectId>
      <CorrelationId>Intent.ModuleBuilder.ProjectItemTemplate.T4Template.PreProcessed#e3db26bd-6d9e-43b9-bd88-f743442f5bb8</CorrelationId>
      <OverwriteBehaviour>always</OverwriteBehaviour>
      <ApplicationRelativeFilePath>Templates/READMEMd/READMEMdTemplate.cs</ApplicationRelativeFilePath>
      <ProjectRelativeFilePath>READMEMd/READMEMdTemplate.cs</ProjectRelativeFilePath>
      <IsIgnored>false</IsIgnored>
    </FileLog>
    <FileLog>
      <ProjectId>1709923d-ec7c-4c62-84b0-42df21ac58b1</ProjectId>
      <CorrelationId>Intent.ModuleBuilder.Templates.FileTemplateT4#e3db26bd-6d9e-43b9-bd88-f743442f5bb8</CorrelationId>
      <OverwriteBehaviour>always</OverwriteBehaviour>
      <ApplicationRelativeFilePath>Templates/READMEMd/READMEMdTemplate.tt</ApplicationRelativeFilePath>
      <ProjectRelativeFilePath>READMEMd/READMEMdTemplate.tt</ProjectRelativeFilePath>
      <IsIgnored>false</IsIgnored>
    </FileLog>
    <FileLog>
      <ProjectId>1709923d-ec7c-4c62-84b0-42df21ac58b1</ProjectId>
      <CorrelationId>Intent.ModuleBuilder.ProjectItemTemplate.Partial#e3db26bd-6d9e-43b9-bd88-f743442f5bb8</CorrelationId>
      <OverwriteBehaviour>always</OverwriteBehaviour>
      <ApplicationRelativeFilePath>Templates/READMEMd/READMEMdTemplatePartial.cs</ApplicationRelativeFilePath>
      <ProjectRelativeFilePath>READMEMd/READMEMdTemplatePartial.cs</ProjectRelativeFilePath>
      <IsIgnored>false</IsIgnored>
    </FileLog>
    <FileLog>
      <ProjectId>1709923d-ec7c-4c62-84b0-42df21ac58b1</ProjectId>
      <CorrelationId>Intent.ModuleBuilder.TemplateRegistration.SingleFileNoModel#e3db26bd-6d9e-43b9-bd88-f743442f5bb8</CorrelationId>
      <OverwriteBehaviour>always</OverwriteBehaviour>
      <ApplicationRelativeFilePath>Templates/READMEMd/READMEMdTemplateRegistration.cs</ApplicationRelativeFilePath>
      <ProjectRelativeFilePath>READMEMd/READMEMdTemplateRegistration.cs</ProjectRelativeFilePath>
      <IsIgnored>false</IsIgnored>
    </FileLog>
    <FileLog>
      <ProjectId>1709923d-ec7c-4c62-84b0-42df21ac58b1</ProjectId>
      <CorrelationId>Intent.ModuleBuilder.Templates.TemplateExtensions</CorrelationId>
      <OverwriteBehaviour>always</OverwriteBehaviour>
      <ApplicationRelativeFilePath>Templates/TemplateExtensions.cs</ApplicationRelativeFilePath>
      <ProjectRelativeFilePath>TemplateExtensions.cs</ProjectRelativeFilePath>
      <IsIgnored>false</IsIgnored>
    </FileLog>
    <FileLog>
      <ProjectId>1709923d-ec7c-4c62-84b0-42df21ac58b1</ProjectId>
      <CorrelationId>ModuleBuilder.Typescript.Templates.TypescriptTemplate.PreProcessT4#47973f0d-9b2e-4609-8ad6-3638a371e1fc</CorrelationId>
      <OverwriteBehaviour>always</OverwriteBehaviour>
      <ApplicationRelativeFilePath>Templates/TsconfigJson/TsconfigJsonTemplate.cs</ApplicationRelativeFilePath>
      <ProjectRelativeFilePath>TsconfigJson/TsconfigJsonTemplate.cs</ProjectRelativeFilePath>
      <IsIgnored>false</IsIgnored>
    </FileLog>
    <FileLog>
      <ProjectId>1709923d-ec7c-4c62-84b0-42df21ac58b1</ProjectId>
      <CorrelationId>Intent.ModuleBuilder.TypeScript.Templates.TypescriptTemplateT4#47973f0d-9b2e-4609-8ad6-3638a371e1fc</CorrelationId>
      <OverwriteBehaviour>always</OverwriteBehaviour>
      <ApplicationRelativeFilePath>Templates/TsconfigJson/TsconfigJsonTemplate.tt</ApplicationRelativeFilePath>
      <ProjectRelativeFilePath>TsconfigJson/TsconfigJsonTemplate.tt</ProjectRelativeFilePath>
      <IsIgnored>false</IsIgnored>
    </FileLog>
    <FileLog>
      <ProjectId>1709923d-ec7c-4c62-84b0-42df21ac58b1</ProjectId>
      <CorrelationId>Intent.ModuleBuilder.TypeScript.Templates.TypescriptTemplatePartial#47973f0d-9b2e-4609-8ad6-3638a371e1fc</CorrelationId>
      <OverwriteBehaviour>always</OverwriteBehaviour>
      <ApplicationRelativeFilePath>Templates/TsconfigJson/TsconfigJsonTemplatePartial.cs</ApplicationRelativeFilePath>
      <ProjectRelativeFilePath>TsconfigJson/TsconfigJsonTemplatePartial.cs</ProjectRelativeFilePath>
      <IsIgnored>false</IsIgnored>
    </FileLog>
    <FileLog>
      <ProjectId>1709923d-ec7c-4c62-84b0-42df21ac58b1</ProjectId>
      <CorrelationId>Intent.ModuleBuilder.TemplateRegistration.SingleFileNoModel#47973f0d-9b2e-4609-8ad6-3638a371e1fc</CorrelationId>
      <OverwriteBehaviour>always</OverwriteBehaviour>
      <ApplicationRelativeFilePath>Templates/TsconfigJson/TsconfigJsonTemplateRegistration.cs</ApplicationRelativeFilePath>
      <ProjectRelativeFilePath>TsconfigJson/TsconfigJsonTemplateRegistration.cs</ProjectRelativeFilePath>
      <IsIgnored>false</IsIgnored>
    </FileLog>
  </FileLogs>
</outputLog>